#
# A fatal error has been detected by the Java Runtime Environment:
#
#  SIGSEGV (0xb) at pc=0x00007fff4771dbbc, pid=86853, tid=775
#
# JRE version: Java(TM) SE Runtime Environment (10.0.1+10) (build 10.0.1+10)
# Java VM: Java HotSpot(TM) 64-Bit Server VM (10.0.1+10, mixed mode, tiered, compressed oops, g1 gc, bsd-amd64)
# Problematic frame:
# C  [CoreFoundation+0x23bbc]  CFDataGetBytePtr+0x1c
#
# No core dump will be written. Core dumps have been disabled. To enable core dumping, try "ulimit -c unlimited" before starting Java again
#
# If you would like to submit a bug report, please visit:
#   http://bugreport.java.com/bugreport/crash.jsp
# The crash happened outside the Java Virtual Machine in native code.
# See problematic frame for where to report the bug.
#

---------------  S U M M A R Y ------------

Command Line: -Dfile.encoding=UTF-8 pix.controller.PixRunner

Host: iMac14,3 x86_64 2900 MHz, 4 cores, 8G, Darwin 17.7.0
Time: Fri May  3 13:15:56 2019 MDT elapsed time: 3 seconds (0d 0h 0m 3s)

---------------  T H R E A D  ---------------

Current thread (0x00007fc055126800):  JavaThread "AppKit Thread" daemon [_thread_in_native, id=775, stack(0x00007ffee1d65000,0x00007ffee2565000)]

Stack: [0x00007ffee1d65000,0x00007ffee2565000],  sp=0x00007ffee25608a0,  free space=8174k
Native frames: (J=compiled Java code, A=aot compiled Java code, j=interpreted, Vv=VM code, C=native code)
C  [CoreFoundation+0x23bbc]  CFDataGetBytePtr+0x1c
C  [SkyLight+0x89ed8]  shape_window_internal+0xe6
C  [SkyLight+0x8a0f0]  SLSShapeWindowInWindowCoordinates+0x1e
C  [AppKit+0xb1684f]  __NSCGSWindowMark__block_invoke_2+0xba
C  [AppKit+0xb1711b]  _NSCGSWindowEnumerateForCommit+0x1d2
C  [AppKit+0x17515d]  __NSCGSWindowMark__block_invoke+0x125
C  [AppKit+0x174eed]  NSCGSTransactionRunPreCommitActionsForOrder_+0x118
C  [AppKit+0x174db8]  NSCGSTransactionRunPreCommitActions_+0x15
C  [AppKit+0x174d97]  __39+[_NSCGSTransaction currentTransaction]_block_invoke+0x22
C  [QuartzCore+0x11877]  _ZN2CA11Transaction19run_commit_handlersE18CATransactionPhase+0x31
C  [QuartzCore+0x10d3b]  _ZN2CA7Context18commit_transactionEPNS_11TransactionE+0x5a9
C  [QuartzCore+0x10475]  _ZN2CA11Transaction6commitEv+0x1e7
C  [AppKit+0x938a72]  __65+[CATransaction(NSCATransaction) NS_setFlushesWithDisplayRefresh]_block_invoke+0x11b
C  [CoreFoundation+0xa3747]  __CFRUNLOOP_IS_CALLING_OUT_TO_AN_OBSERVER_CALLBACK_FUNCTION__+0x17
C  [CoreFoundation+0xa366f]  __CFRunLoopDoObservers+0x20f
C  [CoreFoundation+0x85be8]  __CFRunLoopRun+0x4d8
C  [CoreFoundation+0x85483]  CFRunLoopRunSpecific+0x1e3
C  [HIToolbox+0x2fd96]  RunCurrentEventLoopInMode+0x11e
C  [HIToolbox+0x2fa0f]  ReceiveNextEventCommon+0x16e
C  [HIToolbox+0x2f884]  _BlockUntilNextEventMatchingListInModeWithFilter+0x40
C  [AppKit+0x41a73]  _DPSNextEvent+0x825
C  [AppKit+0x7d7e34]  -[NSApplication(NSEvent) _nextEventMatchingEventMask:untilDate:inMode:dequeue:]+0xbe4
C  [libosxapp.dylib+0x2dbf]  -[NSApplicationAWT nextEventMatchingMask:untilDate:inMode:dequeue:]+0x7a
C  [AppKit+0x36885]  -[NSApplication run]+0x2fc
C  [libosxapp.dylib+0x2bbc]  +[NSApplicationAWT runAWTLoopWithApp:]+0x9d
C  [libawt_lwawt.dylib+0x3a344]  +[AWTStarter starter:headless:]+0x342
C  [JavaNativeFoundation+0x6f4a]  +[JNFRunLoop _performCopiedBlock:]+0x11
C  [Foundation+0x680b5]  __NSThreadPerformPerform+0x14e
C  [CoreFoundation+0xa3d41]  __CFRUNLOOP_IS_CALLING_OUT_TO_A_SOURCE0_PERFORM_FUNCTION__+0x11
C  [CoreFoundation+0x15d75c]  __CFRunLoopDoSource0+0x6c
C  [CoreFoundation+0x867a0]  __CFRunLoopDoSources0+0xd0
C  [CoreFoundation+0x85c1d]  __CFRunLoopRun+0x50d
C  [CoreFoundation+0x85483]  CFRunLoopRunSpecific+0x1e3
C  [java+0x6bc3]  CreateExecutionEnvironment+0x191
C  [java+0x2ebc]  JLI_Launch+0x620
C  [java+0x1d4c]  main+0x180
C  [java+0x1bc4]  start+0x34
C  0x0000000000000005


siginfo: si_signo: 11 (SIGSEGV), si_code: 1 (SEGV_MAPERR), si_addr: 0x0000000000000000

Register to memory mapping:

RAX=0x0000000000009007 is an unknown value
RBX=0x0000000000000000 is an unknown value
RCX=0x0007380000073901 is an unknown value
RDX=0x0000000000000307 is an unknown value
RSP=0x00007ffee25608a0 is pointing into the stack for thread: 0x00007fc055126800
RBP=0x00007ffee25608b0 is pointing into the stack for thread: 0x00007fc055126800
RSI=0x0000000000000307 is an unknown value
RDI=0x0000000000000000 is an unknown value
R8 =0x00007fc054e4b820 is an unknown value
R9 =0xffffffff00000000 is an unknown value
R10=0x00007fc054e4b818 is an unknown value
R11=0x00007fc054e4b820 is an unknown value
R12=0x0000000000000000 is an unknown value
R13=0x00007fc05982f7e0 is an unknown value
R14=0x0000000000000000 is an unknown value
R15=0x000000000000bf8b is an unknown value


Registers:
RAX=0x0000000000009007, RBX=0x0000000000000000, RCX=0x0007380000073901, RDX=0x0000000000000307
RSP=0x00007ffee25608a0, RBP=0x00007ffee25608b0, RSI=0x0000000000000307, RDI=0x0000000000000000
R8 =0x00007fc054e4b820, R9 =0xffffffff00000000, R10=0x00007fc054e4b818, R11=0x00007fc054e4b820
R12=0x0000000000000000, R13=0x00007fc05982f7e0, R14=0x0000000000000000, R15=0x000000000000bf8b
RIP=0x00007fff4771dbbc, EFLAGS=0x0000000000010246, ERR=0x0000000000000004
  TRAPNO=0x000000000000000e

Top of Stack: (sp=0x00007ffee25608a0)
0x00007ffee25608a0:   0000000000009007 0000000000000000
0x00007ffee25608b0:   00007ffee2560980 00007fff694f0ed8
0x00007ffee25608c0:   00007fc059c2d5e0 00007fc059cfc080
0x00007ffee25608d0:   0000000000000000 00007fc059a0aa10
0x00007ffee25608e0:   0000000000000000 000005f159c2d360
0x00007ffee25608f0:   0000900700000005 00007fc059c00000
0x00007ffee2560900:   000000010d6b5400 0000000000000001
0x00007ffee2560910:   00007ffee2560970 00007fff4987254d
0x00007ffee2560920:   00007fff49b8991c 0000000000000003
0x00007ffee2560930:   00007fff49b898ff 00007ffee2560980
0x00007ffee2560940:   01007fff00000000 0000000000000000
0x00007ffee2560950:   4486893b1160001d 000000000000bf8b
0x00007ffee2560960:   00000000000005f1 00007fc0598257f0
0x00007ffee2560970:   0000000000000000 00007fc054f270b0
0x00007ffee2560980:   00007ffee25609a0 00007fff694f10f0
0x00007ffee2560990:   0000000000000001 0000000000000000
0x00007ffee25609a0:   00007ffee2560b30 00007fff457ee84f
0x00007ffee25609b0:   00007ffe00000005 00007fff44e5cc97
0x00007ffee25609c0:   00007fc054fca340 00007fff6ea89ddd
0x00007ffee25609d0:   00007fffa12e3a88 00007fffa7fbaa01
0x00007ffee25609e0:   0000000000000001 00000001313c5f40
0x00007ffee25609f0:   00000001e2560a40 00007fff45a282ab
0x00007ffee2560a00:   00007fff6ea88e80 0000000000000008
0x00007ffee2560a10:   00000001313c5f40 000000005fdb35b9
0x00007ffee2560a20:   00007fffa7fba988 00007fffa7fba480
0x00007ffee2560a30:   00007ffee2560a88 00007ffee2560a50
0x00007ffee2560a40:   00007ffee2560a70 00007fff6eaa4292
0x00007ffee2560a50:   00007fc055a462b0 0000000000000500
0x00007ffee2560a60:   00007fffa7fba980 0000bf8b598257f0
0x00007ffee2560a70:   000000000000382b 000005f16ea90c6a
0x00007ffee2560a80:   0000000000000004 ffff803fa67da810
0x00007ffee2560a90:   0000000000000001 0000000000000000 

Instructions: (pc=0x00007fff4771dbbc)
0x00007fff4771db9c:   5d c3 66 90 55 48 89 e5 53 50 48 89 fb 48 83 3d
0x00007fff4771dbac:   a7 e9 26 5a ff 75 79 f6 c3 01 0f 85 8c 00 00 00
0x00007fff4771dbbc:   48 8b 03 48 85 c0 74 48 48 8d 0d ed 00 27 5a 48
0x00007fff4771dbcc:   3b 01 74 3c 48 8b 0d 89 e9 26 5a 48 81 f9 ff 03 


---------------  P R O C E S S  ---------------

Threads class SMR info:
_java_thread_list=0x00007fc059976c30, length=15, elements={
0x00007fc05500e000, 0x00007fc056017800, 0x00007fc056018800, 0x00007fc056823000,
0x00007fc05500d000, 0x00007fc0550aa000, 0x00007fc0550ab000, 0x00007fc05601a800,
0x00007fc05607a800, 0x00007fc055850800, 0x00007fc055126800, 0x00007fc05624d800,
0x00007fc055148000, 0x00007fc056a3a800, 0x00007fc0552c9800
}

Java Threads: ( => current thread )
  0x00007fc05500e000 JavaThread "main" [_thread_in_native, id=6147, stack(0x000000010d6ce000,0x000000010d7ce000)]
  0x00007fc056017800 JavaThread "Reference Handler" daemon [_thread_blocked, id=15363, stack(0x000070000d4ec000,0x000070000d5ec000)]
  0x00007fc056018800 JavaThread "Finalizer" daemon [_thread_blocked, id=15619, stack(0x000070000d5ef000,0x000070000d6ef000)]
  0x00007fc056823000 JavaThread "Signal Dispatcher" daemon [_thread_blocked, id=22531, stack(0x000070000d6f2000,0x000070000d7f2000)]
  0x00007fc05500d000 JavaThread "C2 CompilerThread0" daemon [_thread_blocked, id=23043, stack(0x000070000d7f5000,0x000070000d8f5000)]
  0x00007fc0550aa000 JavaThread "C2 CompilerThread1" daemon [_thread_blocked, id=23811, stack(0x000070000d8f8000,0x000070000d9f8000)]
  0x00007fc0550ab000 JavaThread "C1 CompilerThread2" daemon [_thread_blocked, id=24579, stack(0x000070000d9fb000,0x000070000dafb000)]
  0x00007fc05601a800 JavaThread "Sweeper thread" daemon [_thread_blocked, id=25091, stack(0x000070000dafe000,0x000070000dbfe000)]
  0x00007fc05607a800 JavaThread "Service Thread" daemon [_thread_blocked, id=42243, stack(0x000070000dc01000,0x000070000dd01000)]
  0x00007fc055850800 JavaThread "Common-Cleaner" daemon [_thread_blocked, id=25859, stack(0x000070000dd04000,0x000070000de04000)]
=>0x00007fc055126800 JavaThread "AppKit Thread" daemon [_thread_in_native, id=775, stack(0x00007ffee1d65000,0x00007ffee2565000)]
  0x00007fc05624d800 JavaThread "AWT-Shutdown" [_thread_blocked, id=34563, stack(0x000070000df8d000,0x000070000e08d000)]
  0x00007fc055148000 JavaThread "Java2D Queue Flusher" daemon [_thread_blocked, id=75019, stack(0x000070000e29c000,0x000070000e39c000)]
  0x00007fc056a3a800 JavaThread "Java2D Disposer" daemon [_thread_blocked, id=55311, stack(0x000070000e39f000,0x000070000e49f000)]
  0x00007fc0552c9800 JavaThread "AWT-EventQueue-0" [_thread_in_native, id=58543, stack(0x000070000e4a2000,0x000070000e5a2000)]

Other Threads:
  0x00007fc056014000 VMThread "VM Thread" [stack: 0x000070000d3e9000,0x000070000d4e9000] [id=14851]
  0x00007fc05689b000 WatcherThread [stack: 0x000070000de07000,0x000070000df07000] [id=41731]
  0x00007fc05501c000 GCTaskThread "GC Thread#0" [stack: 0x000070000c8c8000,0x000070000c9c8000] [id=11523]
  0x00007fc05501d000 GCTaskThread "GC Thread#1" [stack: 0x000070000c9cb000,0x000070000cacb000] [id=21507]
  0x00007fc05501d800 GCTaskThread "GC Thread#2" [stack: 0x000070000cace000,0x000070000cbce000] [id=20995]
  0x00007fc05501e800 GCTaskThread "GC Thread#3" [stack: 0x000070000cbd1000,0x000070000ccd1000] [id=12291]
  0x00007fc055047000 ConcurrentGCThread "G1 Main Marker" [stack: 0x000070000ccd4000,0x000070000cdd4000] [id=20739]
  0x00007fc055048000 ConcurrentGCThread "G1 Conc#0" [stack: 0x000070000cdd7000,0x000070000ced7000] [id=19971]
  0x00007fc055088800 ConcurrentGCThread "G1 Refine#0" [stack: 0x000070000ceda000,0x000070000cfda000] [id=13315]
  0x00007fc055089800 ConcurrentGCThread "G1 Refine#1" [stack: 0x000070000cfdd000,0x000070000d0dd000] [id=19715]
  0x00007fc056800000 ConcurrentGCThread "G1 Refine#2" [stack: 0x000070000d0e0000,0x000070000d1e0000] [id=19459]
  0x00007fc056801000 ConcurrentGCThread "G1 Refine#3" [stack: 0x000070000d1e3000,0x000070000d2e3000] [id=19203]
  0x00007fc056801800 ConcurrentGCThread "G1 Young RemSet Sampling" [stack: 0x000070000d2e6000,0x000070000d3e6000] [id=14339]

Threads with active compile tasks:

VM state:not at safepoint (normal execution)

VM Mutex/Monitor currently owned by a thread: None

Heap address: 0x0000000740000000, size: 2048 MB, Compressed Oops mode: Zero based, Oop shift amount: 3
Narrow klass base: 0x0000000000000000, Narrow klass shift: 3
Compressed class space size: 1073741824 Address: 0x00000007c0000000

Heap:
 garbage-first heap   total 131072K, used 10240K [0x0000000740000000, 0x00000007c0000000)
  region size 1024K, 11 young (11264K), 0 survivors (0K)
 Metaspace       used 14632K, capacity 15002K, committed 15104K, reserved 1062912K
  class space    used 1586K, capacity 1783K, committed 1792K, reserved 1048576K
Heap Regions: E=young(eden), S=young(survivor), O=old, HS=humongous(starts), HC=humongous(continues), CS=collection set, F=free, A=archive, TS=gc time stamp, AC=allocation context, TAMS=top-at-mark-start (previous, next)
|   0|0x0000000740000000, 0x0000000740000000, 0x0000000740100000|  0%| F|  |TS  0|AC  0|TAMS 0x0000000740000000, 0x0000000740000000|
|   1|0x0000000740100000, 0x0000000740100000, 0x0000000740200000|  0%| F|  |TS  0|AC  0|TAMS 0x0000000740100000, 0x0000000740100000|
|   2|0x0000000740200000, 0x0000000740200000, 0x0000000740300000|  0%| F|  |TS  0|AC  0|TAMS 0x0000000740200000, 0x0000000740200000|
|   3|0x0000000740300000, 0x0000000740300000, 0x0000000740400000|  0%| F|  |TS  0|AC  0|TAMS 0x0000000740300000, 0x0000000740300000|
|   4|0x0000000740400000, 0x0000000740400000, 0x0000000740500000|  0%| F|  |TS  0|AC  0|TAMS 0x0000000740400000, 0x0000000740400000|
|   5|0x0000000740500000, 0x0000000740500000, 0x0000000740600000|  0%| F|  |TS  0|AC  0|TAMS 0x0000000740500000, 0x0000000740500000|
|   6|0x0000000740600000, 0x0000000740600000, 0x0000000740700000|  0%| F|  |TS  0|AC  0|TAMS 0x0000000740600000, 0x0000000740600000|
|   7|0x0000000740700000, 0x0000000740700000, 0x0000000740800000|  0%| F|  |TS  0|AC  0|TAMS 0x0000000740700000, 0x0000000740700000|
|   8|0x0000000740800000, 0x0000000740800000, 0x0000000740900000|  0%| F|  |TS  0|AC  0|TAMS 0x0000000740800000, 0x0000000740800000|
|   9|0x0000000740900000, 0x0000000740900000, 0x0000000740a00000|  0%| F|  |TS  0|AC  0|TAMS 0x0000000740900000, 0x0000000740900000|
|  10|0x0000000740a00000, 0x0000000740a00000, 0x0000000740b00000|  0%| F|  |TS  0|AC  0|TAMS 0x0000000740a00000, 0x0000000740a00000|
|  11|0x0000000740b00000, 0x0000000740b00000, 0x0000000740c00000|  0%| F|  |TS  0|AC  0|TAMS 0x0000000740b00000, 0x0000000740b00000|
|  12|0x0000000740c00000, 0x0000000740c00000, 0x0000000740d00000|  0%| F|  |TS  0|AC  0|TAMS 0x0000000740c00000, 0x0000000740c00000|
|  13|0x0000000740d00000, 0x0000000740d00000, 0x0000000740e00000|  0%| F|  |TS  0|AC  0|TAMS 0x0000000740d00000, 0x0000000740d00000|
|  14|0x0000000740e00000, 0x0000000740e00000, 0x0000000740f00000|  0%| F|  |TS  0|AC  0|TAMS 0x0000000740e00000, 0x0000000740e00000|
|  15|0x0000000740f00000, 0x0000000740f00000, 0x0000000741000000|  0%| F|  |TS  0|AC  0|TAMS 0x0000000740f00000, 0x0000000740f00000|
|  16|0x0000000741000000, 0x0000000741000000, 0x0000000741100000|  0%| F|  |TS  0|AC  0|TAMS 0x0000000741000000, 0x0000000741000000|
|  17|0x0000000741100000, 0x0000000741100000, 0x0000000741200000|  0%| F|  |TS  0|AC  0|TAMS 0x0000000741100000, 0x0000000741100000|
|  18|0x0000000741200000, 0x0000000741200000, 0x0000000741300000|  0%| F|  |TS  0|AC  0|TAMS 0x0000000741200000, 0x0000000741200000|
|  19|0x0000000741300000, 0x0000000741300000, 0x0000000741400000|  0%| F|  |TS  0|AC  0|TAMS 0x0000000741300000, 0x0000000741300000|
|  20|0x0000000741400000, 0x0000000741400000, 0x0000000741500000|  0%| F|  |TS  0|AC  0|TAMS 0x0000000741400000, 0x0000000741400000|
|  21|0x0000000741500000, 0x0000000741500000, 0x0000000741600000|  0%| F|  |TS  0|AC  0|TAMS 0x0000000741500000, 0x0000000741500000|
|  22|0x0000000741600000, 0x0000000741600000, 0x0000000741700000|  0%| F|  |TS  0|AC  0|TAMS 0x0000000741600000, 0x0000000741600000|
|  23|0x0000000741700000, 0x0000000741700000, 0x0000000741800000|  0%| F|  |TS  0|AC  0|TAMS 0x0000000741700000, 0x0000000741700000|
|  24|0x0000000741800000, 0x0000000741800000, 0x0000000741900000|  0%| F|  |TS  0|AC  0|TAMS 0x0000000741800000, 0x0000000741800000|
|  25|0x0000000741900000, 0x0000000741900000, 0x0000000741a00000|  0%| F|  |TS  0|AC  0|TAMS 0x0000000741900000, 0x0000000741900000|
|  26|0x0000000741a00000, 0x0000000741a00000, 0x0000000741b00000|  0%| F|  |TS  0|AC  0|TAMS 0x0000000741a00000, 0x0000000741a00000|
|  27|0x0000000741b00000, 0x0000000741b00000, 0x0000000741c00000|  0%| F|  |TS  0|AC  0|TAMS 0x0000000741b00000, 0x0000000741b00000|
|  28|0x0000000741c00000, 0x0000000741c00000, 0x0000000741d00000|  0%| F|  |TS  0|AC  0|TAMS 0x0000000741c00000, 0x0000000741c00000|
|  29|0x0000000741d00000, 0x0000000741d00000, 0x0000000741e00000|  0%| F|  |TS  0|AC  0|TAMS 0x0000000741d00000, 0x0000000741d00000|
|  30|0x0000000741e00000, 0x0000000741e00000, 0x0000000741f00000|  0%| F|  |TS  0|AC  0|TAMS 0x0000000741e00000, 0x0000000741e00000|
|  31|0x0000000741f00000, 0x0000000741f00000, 0x0000000742000000|  0%| F|  |TS  0|AC  0|TAMS 0x0000000741f00000, 0x0000000741f00000|
|  32|0x0000000742000000, 0x0000000742000000, 0x0000000742100000|  0%| F|  |TS  0|AC  0|TAMS 0x0000000742000000, 0x0000000742000000|
|  33|0x0000000742100000, 0x0000000742100000, 0x0000000742200000|  0%| F|  |TS  0|AC  0|TAMS 0x0000000742100000, 0x0000000742100000|
|  34|0x0000000742200000, 0x0000000742200000, 0x0000000742300000|  0%| F|  |TS  0|AC  0|TAMS 0x0000000742200000, 0x0000000742200000|
|  35|0x0000000742300000, 0x0000000742300000, 0x0000000742400000|  0%| F|  |TS  0|AC  0|TAMS 0x0000000742300000, 0x0000000742300000|
|  36|0x0000000742400000, 0x0000000742400000, 0x0000000742500000|  0%| F|  |TS  0|AC  0|TAMS 0x0000000742400000, 0x0000000742400000|
|  37|0x0000000742500000, 0x0000000742500000, 0x0000000742600000|  0%| F|  |TS  0|AC  0|TAMS 0x0000000742500000, 0x0000000742500000|
|  38|0x0000000742600000, 0x0000000742600000, 0x0000000742700000|  0%| F|  |TS  0|AC  0|TAMS 0x0000000742600000, 0x0000000742600000|
|  39|0x0000000742700000, 0x0000000742700000, 0x0000000742800000|  0%| F|  |TS  0|AC  0|TAMS 0x0000000742700000, 0x0000000742700000|
|  40|0x0000000742800000, 0x0000000742800000, 0x0000000742900000|  0%| F|  |TS  0|AC  0|TAMS 0x0000000742800000, 0x0000000742800000|
|  41|0x0000000742900000, 0x0000000742900000, 0x0000000742a00000|  0%| F|  |TS  0|AC  0|TAMS 0x0000000742900000, 0x0000000742900000|
|  42|0x0000000742a00000, 0x0000000742a00000, 0x0000000742b00000|  0%| F|  |TS  0|AC  0|TAMS 0x0000000742a00000, 0x0000000742a00000|
|  43|0x0000000742b00000, 0x0000000742b00000, 0x0000000742c00000|  0%| F|  |TS  0|AC  0|TAMS 0x0000000742b00000, 0x0000000742b00000|
|  44|0x0000000742c00000, 0x0000000742c00000, 0x0000000742d00000|  0%| F|  |TS  0|AC  0|TAMS 0x0000000742c00000, 0x0000000742c00000|
|  45|0x0000000742d00000, 0x0000000742d00000, 0x0000000742e00000|  0%| F|  |TS  0|AC  0|TAMS 0x0000000742d00000, 0x0000000742d00000|
|  46|0x0000000742e00000, 0x0000000742e00000, 0x0000000742f00000|  0%| F|  |TS  0|AC  0|TAMS 0x0000000742e00000, 0x0000000742e00000|
|  47|0x0000000742f00000, 0x0000000742f00000, 0x0000000743000000|  0%| F|  |TS  0|AC  0|TAMS 0x0000000742f00000, 0x0000000742f00000|
|  48|0x0000000743000000, 0x0000000743000000, 0x0000000743100000|  0%| F|  |TS  0|AC  0|TAMS 0x0000000743000000, 0x0000000743000000|
|  49|0x0000000743100000, 0x0000000743100000, 0x0000000743200000|  0%| F|  |TS  0|AC  0|TAMS 0x0000000743100000, 0x0000000743100000|
|  50|0x0000000743200000, 0x0000000743200000, 0x0000000743300000|  0%| F|  |TS  0|AC  0|TAMS 0x0000000743200000, 0x0000000743200000|
|  51|0x0000000743300000, 0x0000000743300000, 0x0000000743400000|  0%| F|  |TS  0|AC  0|TAMS 0x0000000743300000, 0x0000000743300000|
|  52|0x0000000743400000, 0x0000000743400000, 0x0000000743500000|  0%| F|  |TS  0|AC  0|TAMS 0x0000000743400000, 0x0000000743400000|
|  53|0x0000000743500000, 0x0000000743500000, 0x0000000743600000|  0%| F|  |TS  0|AC  0|TAMS 0x0000000743500000, 0x0000000743500000|
|  54|0x0000000743600000, 0x0000000743600000, 0x0000000743700000|  0%| F|  |TS  0|AC  0|TAMS 0x0000000743600000, 0x0000000743600000|
|  55|0x0000000743700000, 0x0000000743700000, 0x0000000743800000|  0%| F|  |TS  0|AC  0|TAMS 0x0000000743700000, 0x0000000743700000|
|  56|0x0000000743800000, 0x0000000743800000, 0x0000000743900000|  0%| F|  |TS  0|AC  0|TAMS 0x0000000743800000, 0x0000000743800000|
|  57|0x0000000743900000, 0x0000000743900000, 0x0000000743a00000|  0%| F|  |TS  0|AC  0|TAMS 0x0000000743900000, 0x0000000743900000|
|  58|0x0000000743a00000, 0x0000000743a00000, 0x0000000743b00000|  0%| F|  |TS  0|AC  0|TAMS 0x0000000743a00000, 0x0000000743a00000|
|  59|0x0000000743b00000, 0x0000000743b00000, 0x0000000743c00000|  0%| F|  |TS  0|AC  0|TAMS 0x0000000743b00000, 0x0000000743b00000|
|  60|0x0000000743c00000, 0x0000000743c00000, 0x0000000743d00000|  0%| F|  |TS  0|AC  0|TAMS 0x0000000743c00000, 0x0000000743c00000|
|  61|0x0000000743d00000, 0x0000000743d00000, 0x0000000743e00000|  0%| F|  |TS  0|AC  0|TAMS 0x0000000743d00000, 0x0000000743d00000|
|  62|0x0000000743e00000, 0x0000000743e00000, 0x0000000743f00000|  0%| F|  |TS  0|AC  0|TAMS 0x0000000743e00000, 0x0000000743e00000|
|  63|0x0000000743f00000, 0x0000000743f00000, 0x0000000744000000|  0%| F|  |TS  0|AC  0|TAMS 0x0000000743f00000, 0x0000000743f00000|
|  64|0x0000000744000000, 0x0000000744000000, 0x0000000744100000|  0%| F|  |TS  0|AC  0|TAMS 0x0000000744000000, 0x0000000744000000|
|  65|0x0000000744100000, 0x0000000744100000, 0x0000000744200000|  0%| F|  |TS  0|AC  0|TAMS 0x0000000744100000, 0x0000000744100000|
|  66|0x0000000744200000, 0x0000000744200000, 0x0000000744300000|  0%| F|  |TS  0|AC  0|TAMS 0x0000000744200000, 0x0000000744200000|
|  67|0x0000000744300000, 0x0000000744300000, 0x0000000744400000|  0%| F|  |TS  0|AC  0|TAMS 0x0000000744300000, 0x0000000744300000|
|  68|0x0000000744400000, 0x0000000744400000, 0x0000000744500000|  0%| F|  |TS  0|AC  0|TAMS 0x0000000744400000, 0x0000000744400000|
|  69|0x0000000744500000, 0x0000000744500000, 0x0000000744600000|  0%| F|  |TS  0|AC  0|TAMS 0x0000000744500000, 0x0000000744500000|
|  70|0x0000000744600000, 0x0000000744600000, 0x0000000744700000|  0%| F|  |TS  0|AC  0|TAMS 0x0000000744600000, 0x0000000744600000|
|  71|0x0000000744700000, 0x0000000744700000, 0x0000000744800000|  0%| F|  |TS  0|AC  0|TAMS 0x0000000744700000, 0x0000000744700000|
|  72|0x0000000744800000, 0x0000000744800000, 0x0000000744900000|  0%| F|  |TS  0|AC  0|TAMS 0x0000000744800000, 0x0000000744800000|
|  73|0x0000000744900000, 0x0000000744900000, 0x0000000744a00000|  0%| F|  |TS  0|AC  0|TAMS 0x0000000744900000, 0x0000000744900000|
|  74|0x0000000744a00000, 0x0000000744a00000, 0x0000000744b00000|  0%| F|  |TS  0|AC  0|TAMS 0x0000000744a00000, 0x0000000744a00000|
|  75|0x0000000744b00000, 0x0000000744b00000, 0x0000000744c00000|  0%| F|  |TS  0|AC  0|TAMS 0x0000000744b00000, 0x0000000744b00000|
|  76|0x0000000744c00000, 0x0000000744c00000, 0x0000000744d00000|  0%| F|  |TS  0|AC  0|TAMS 0x0000000744c00000, 0x0000000744c00000|
|  77|0x0000000744d00000, 0x0000000744d00000, 0x0000000744e00000|  0%| F|  |TS  0|AC  0|TAMS 0x0000000744d00000, 0x0000000744d00000|
|  78|0x0000000744e00000, 0x0000000744e00000, 0x0000000744f00000|  0%| F|  |TS  0|AC  0|TAMS 0x0000000744e00000, 0x0000000744e00000|
|  79|0x0000000744f00000, 0x0000000744f00000, 0x0000000745000000|  0%| F|  |TS  0|AC  0|TAMS 0x0000000744f00000, 0x0000000744f00000|
|  80|0x0000000745000000, 0x0000000745000000, 0x0000000745100000|  0%| F|  |TS  0|AC  0|TAMS 0x0000000745000000, 0x0000000745000000|
|  81|0x0000000745100000, 0x0000000745100000, 0x0000000745200000|  0%| F|  |TS  0|AC  0|TAMS 0x0000000745100000, 0x0000000745100000|
|  82|0x0000000745200000, 0x0000000745200000, 0x0000000745300000|  0%| F|  |TS  0|AC  0|TAMS 0x0000000745200000, 0x0000000745200000|
|  83|0x0000000745300000, 0x0000000745300000, 0x0000000745400000|  0%| F|  |TS  0|AC  0|TAMS 0x0000000745300000, 0x0000000745300000|
|  84|0x0000000745400000, 0x0000000745400000, 0x0000000745500000|  0%| F|  |TS  0|AC  0|TAMS 0x0000000745400000, 0x0000000745400000|
|  85|0x0000000745500000, 0x0000000745500000, 0x0000000745600000|  0%| F|  |TS  0|AC  0|TAMS 0x0000000745500000, 0x0000000745500000|
|  86|0x0000000745600000, 0x0000000745600000, 0x0000000745700000|  0%| F|  |TS  0|AC  0|TAMS 0x0000000745600000, 0x0000000745600000|
|  87|0x0000000745700000, 0x0000000745700000, 0x0000000745800000|  0%| F|  |TS  0|AC  0|TAMS 0x0000000745700000, 0x0000000745700000|
|  88|0x0000000745800000, 0x0000000745800000, 0x0000000745900000|  0%| F|  |TS  0|AC  0|TAMS 0x0000000745800000, 0x0000000745800000|
|  89|0x0000000745900000, 0x0000000745900000, 0x0000000745a00000|  0%| F|  |TS  0|AC  0|TAMS 0x0000000745900000, 0x0000000745900000|
|  90|0x0000000745a00000, 0x0000000745a00000, 0x0000000745b00000|  0%| F|  |TS  0|AC  0|TAMS 0x0000000745a00000, 0x0000000745a00000|
|  91|0x0000000745b00000, 0x0000000745b00000, 0x0000000745c00000|  0%| F|  |TS  0|AC  0|TAMS 0x0000000745b00000, 0x0000000745b00000|
|  92|0x0000000745c00000, 0x0000000745c00000, 0x0000000745d00000|  0%| F|  |TS  0|AC  0|TAMS 0x0000000745c00000, 0x0000000745c00000|
|  93|0x0000000745d00000, 0x0000000745d00000, 0x0000000745e00000|  0%| F|  |TS  0|AC  0|TAMS 0x0000000745d00000, 0x0000000745d00000|
|  94|0x0000000745e00000, 0x0000000745e00000, 0x0000000745f00000|  0%| F|  |TS  0|AC  0|TAMS 0x0000000745e00000, 0x0000000745e00000|
|  95|0x0000000745f00000, 0x0000000745f00000, 0x0000000746000000|  0%| F|  |TS  0|AC  0|TAMS 0x0000000745f00000, 0x0000000745f00000|
|  96|0x0000000746000000, 0x0000000746000000, 0x0000000746100000|  0%| F|  |TS  0|AC  0|TAMS 0x0000000746000000, 0x0000000746000000|
|  97|0x0000000746100000, 0x0000000746100000, 0x0000000746200000|  0%| F|  |TS  0|AC  0|TAMS 0x0000000746100000, 0x0000000746100000|
|  98|0x0000000746200000, 0x0000000746200000, 0x0000000746300000|  0%| F|  |TS  0|AC  0|TAMS 0x0000000746200000, 0x0000000746200000|
|  99|0x0000000746300000, 0x0000000746300000, 0x0000000746400000|  0%| F|  |TS  0|AC  0|TAMS 0x0000000746300000, 0x0000000746300000|
| 100|0x0000000746400000, 0x0000000746400000, 0x0000000746500000|  0%| F|  |TS  0|AC  0|TAMS 0x0000000746400000, 0x0000000746400000|
| 101|0x0000000746500000, 0x0000000746500000, 0x0000000746600000|  0%| F|  |TS  0|AC  0|TAMS 0x0000000746500000, 0x0000000746500000|
| 102|0x0000000746600000, 0x0000000746600000, 0x0000000746700000|  0%| F|  |TS  0|AC  0|TAMS 0x0000000746600000, 0x0000000746600000|
| 103|0x0000000746700000, 0x0000000746700000, 0x0000000746800000|  0%| F|  |TS  0|AC  0|TAMS 0x0000000746700000, 0x0000000746700000|
| 104|0x0000000746800000, 0x0000000746800000, 0x0000000746900000|  0%| F|  |TS  0|AC  0|TAMS 0x0000000746800000, 0x0000000746800000|
| 105|0x0000000746900000, 0x0000000746900000, 0x0000000746a00000|  0%| F|  |TS  0|AC  0|TAMS 0x0000000746900000, 0x0000000746900000|
| 106|0x0000000746a00000, 0x0000000746a00000, 0x0000000746b00000|  0%| F|  |TS  0|AC  0|TAMS 0x0000000746a00000, 0x0000000746a00000|
| 107|0x0000000746b00000, 0x0000000746b00000, 0x0000000746c00000|  0%| F|  |TS  0|AC  0|TAMS 0x0000000746b00000, 0x0000000746b00000|
| 108|0x0000000746c00000, 0x0000000746c00000, 0x0000000746d00000|  0%| F|  |TS  0|AC  0|TAMS 0x0000000746c00000, 0x0000000746c00000|
| 109|0x0000000746d00000, 0x0000000746d00000, 0x0000000746e00000|  0%| F|  |TS  0|AC  0|TAMS 0x0000000746d00000, 0x0000000746d00000|
| 110|0x0000000746e00000, 0x0000000746e00000, 0x0000000746f00000|  0%| F|  |TS  0|AC  0|TAMS 0x0000000746e00000, 0x0000000746e00000|
| 111|0x0000000746f00000, 0x0000000746f00000, 0x0000000747000000|  0%| F|  |TS  0|AC  0|TAMS 0x0000000746f00000, 0x0000000746f00000|
| 112|0x0000000747000000, 0x0000000747000000, 0x0000000747100000|  0%| F|  |TS  0|AC  0|TAMS 0x0000000747000000, 0x0000000747000000|
| 113|0x0000000747100000, 0x0000000747100000, 0x0000000747200000|  0%| F|  |TS  0|AC  0|TAMS 0x0000000747100000, 0x0000000747100000|
| 114|0x0000000747200000, 0x0000000747200000, 0x0000000747300000|  0%| F|  |TS  0|AC  0|TAMS 0x0000000747200000, 0x0000000747200000|
| 115|0x0000000747300000, 0x0000000747300000, 0x0000000747400000|  0%| F|  |TS  0|AC  0|TAMS 0x0000000747300000, 0x0000000747300000|
| 116|0x0000000747400000, 0x0000000747400000, 0x0000000747500000|  0%| F|  |TS  0|AC  0|TAMS 0x0000000747400000, 0x0000000747400000|
| 117|0x0000000747500000, 0x0000000747600000, 0x0000000747600000|100%| E|  |TS  0|AC  0|TAMS 0x0000000747500000, 0x0000000747500000|
| 118|0x0000000747600000, 0x0000000747700000, 0x0000000747700000|100%| E|CS|TS  0|AC  0|TAMS 0x0000000747600000, 0x0000000747600000|
| 119|0x0000000747700000, 0x0000000747800000, 0x0000000747800000|100%| E|CS|TS  0|AC  0|TAMS 0x0000000747700000, 0x0000000747700000|
| 120|0x0000000747800000, 0x0000000747900000, 0x0000000747900000|100%| E|CS|TS  0|AC  0|TAMS 0x0000000747800000, 0x0000000747800000|
| 121|0x0000000747900000, 0x0000000747a00000, 0x0000000747a00000|100%| E|CS|TS  0|AC  0|TAMS 0x0000000747900000, 0x0000000747900000|
| 122|0x0000000747a00000, 0x0000000747b00000, 0x0000000747b00000|100%| E|CS|TS  0|AC  0|TAMS 0x0000000747a00000, 0x0000000747a00000|
| 123|0x0000000747b00000, 0x0000000747c00000, 0x0000000747c00000|100%| E|CS|TS  0|AC  0|TAMS 0x0000000747b00000, 0x0000000747b00000|
| 124|0x0000000747c00000, 0x0000000747d00000, 0x0000000747d00000|100%| E|CS|TS  0|AC  0|TAMS 0x0000000747c00000, 0x0000000747c00000|
| 125|0x0000000747d00000, 0x0000000747e00000, 0x0000000747e00000|100%| E|CS|TS  0|AC  0|TAMS 0x0000000747d00000, 0x0000000747d00000|
| 126|0x0000000747e00000, 0x0000000747f00000, 0x0000000747f00000|100%| E|CS|TS  0|AC  0|TAMS 0x0000000747e00000, 0x0000000747e00000|
| 127|0x0000000747f00000, 0x0000000748000000, 0x0000000748000000|100%| E|CS|TS  0|AC  0|TAMS 0x0000000747f00000, 0x0000000747f00000|

Card table byte_map: [0x000000010f7f6000,0x000000010fbf6000] byte_map_base: 0x000000010bdf6000

Marking Bits (Prev, Next): (CMBitMap*) 0x00007fc055046660, (CMBitMap*) 0x00007fc055046698
 Prev Bits: [0x000000012a730000, 0x000000012c730000)
 Next Bits: [0x000000012c730000, 0x000000012e730000)

Polling page: 0x000000010d7de000

CodeHeap 'non-profiled nmethods': size=120032Kb used=355Kb max_used=355Kb free=119677Kb
 bounds [0x0000000122df8000, 0x0000000123068000, 0x000000012a330000]
CodeHeap 'profiled nmethods': size=120032Kb used=1476Kb max_used=1476Kb free=118555Kb
 bounds [0x000000011b8c0000, 0x000000011bb30000, 0x0000000122df8000]
CodeHeap 'non-nmethods': size=5696Kb used=1201Kb max_used=1214Kb free=4494Kb
 bounds [0x000000011b330000, 0x000000011b5a0000, 0x000000011b8c0000]
 total_blobs=1677 nmethods=919 adapters=507
 compilation: enabled

Compilation events (10 events):
Event: 3.286 Thread 0x00007fc0550ab000 nmethod 911 0x000000011ba2e590 code [0x000000011ba2e740, 0x000000011ba2e8f0]
Event: 3.286 Thread 0x00007fc0550ab000  906       1       jdk.internal.jimage.ImageHeader::getTableLength (5 bytes)
Event: 3.286 Thread 0x00007fc0550ab000 nmethod 906 0x0000000122e4f690 code [0x0000000122e4f840, 0x0000000122e4f950]
Event: 3.286 Thread 0x00007fc0550ab000  905       3       java.lang.invoke.DirectMethodHandle::preparedLambdaForm (31 bytes)
Event: 3.286 Thread 0x00007fc0550ab000 nmethod 905 0x000000011ba2e990 code [0x000000011ba2eb80, 0x000000011ba2ee08]
Event: 3.287 Thread 0x00007fc0550ab000  916       3       java.lang.invoke.VarHandleGuards::guard_LII_Z (70 bytes)
Event: 3.288 Thread 0x00007fc0550ab000 nmethod 916 0x000000011ba2ef90 code [0x000000011ba2f240, 0x000000011ba30228]
Event: 3.288 Thread 0x00007fc0550ab000  917       3       java.lang.invoke.VarHandleInts$FieldInstanceReadWrite::compareAndSet (24 bytes)
Event: 3.288 Thread 0x00007fc0550ab000 nmethod 917 0x000000011ba30790 code [0x000000011ba309a0, 0x000000011ba30ea8]
Event: 3.292 Thread 0x00007fc05500d000 nmethod 909 0x0000000122e4ff90 code [0x0000000122e502a0, 0x0000000122e50918]

GC Heap History (0 events):
No events

Deoptimization events (6 events):
Event: 0.147 Thread 0x00007fc05500e000 Uncommon trap: reason=unstable_if action=reinterpret pc=0x0000000122dfb65c method=java.lang.String.hashCode()I @ 14 c2
Event: 0.767 Thread 0x00007fc05500e000 Uncommon trap: reason=unstable_if action=reinterpret pc=0x0000000122e131f8 method=java.lang.String.isLatin1()Z @ 10 c2
Event: 1.927 Thread 0x00007fc05500e000 Uncommon trap: reason=unstable_if action=reinterpret pc=0x0000000122e42a64 method=java.lang.StringLatin1.toLowerCase(Ljava/lang/String;[BLjava/util/Locale;)Ljava/lang/String; @ 40 c2
Event: 2.421 Thread 0x00007fc05500e000 Uncommon trap: reason=unstable_if action=reinterpret pc=0x0000000122e3e890 method=java.util.concurrent.ConcurrentHashMap.get(Ljava/lang/Object;)Ljava/lang/Object; @ 86 c2
Event: 2.421 Thread 0x00007fc055126800 Uncommon trap: reason=unstable_if action=reinterpret pc=0x0000000122e3e890 method=java.util.concurrent.ConcurrentHashMap.get(Ljava/lang/Object;)Ljava/lang/Object; @ 86 c2
Event: 3.272 Thread 0x00007fc05500e000 Uncommon trap: reason=class_check action=maybe_recompile pc=0x0000000122e0f160 method=java.lang.String.equals(Ljava/lang/Object;)Z @ 8 c2

Classes redefined (0 events):
No events

Internal exceptions (10 events):
Event: 2.422 Thread 0x00007fc05500e000 Exception <a 'java/lang/NoSuchMethodError'{0x00000007475974b8}: java.lang.invoke.DirectMethodHandle$Holder.invokeSpecial(Ljava/lang/Object;Ljava/lang/Object;IIII)Ljava/lang/Object;> (0x00000007475974b8) thrown at [/scratch/mesos/slaves/555f5737-a945-4eb0-
Event: 2.423 Thread 0x00007fc055126800 Exception <a 'java/lang/NoSuchMethodError'{0x0000000747b9d9e8}: method resolution failed> (0x0000000747b9d9e8) thrown at [/scratch/mesos/slaves/555f5737-a945-4eb0-8d30-afb1fc816afd-S70/frameworks/1735e8a2-a1db-478c-8104-60c8b0af87dd-0196/executors/5e9592f
Event: 2.423 Thread 0x00007fc055126800 Exception <a 'java/lang/NoSuchMethodError'{0x0000000747ba4b08}: method resolution failed> (0x0000000747ba4b08) thrown at [/scratch/mesos/slaves/555f5737-a945-4eb0-8d30-afb1fc816afd-S70/frameworks/1735e8a2-a1db-478c-8104-60c8b0af87dd-0196/executors/5e9592f
Event: 2.423 Thread 0x00007fc055126800 Exception <a 'java/lang/NoSuchMethodError'{0x0000000747ba8868}: method resolution failed> (0x0000000747ba8868) thrown at [/scratch/mesos/slaves/555f5737-a945-4eb0-8d30-afb1fc816afd-S70/frameworks/1735e8a2-a1db-478c-8104-60c8b0af87dd-0196/executors/5e9592f
Event: 2.525 Thread 0x00007fc05500e000 Exception <a 'java/lang/NoSuchMethodError'{0x00000007475a2360}: method resolution failed> (0x00000007475a2360) thrown at [/scratch/mesos/slaves/555f5737-a945-4eb0-8d30-afb1fc816afd-S70/frameworks/1735e8a2-a1db-478c-8104-60c8b0af87dd-0196/executors/5e9592f
Event: 3.284 Thread 0x00007fc05500e000 Exception <a 'java/lang/NoSuchMethodError'{0x00000007475b04f8}: java.lang.invoke.DirectMethodHandle$Holder.invokeSpecial(Ljava/lang/Object;Ljava/lang/Object;J)V> (0x00000007475b04f8) thrown at [/scratch/mesos/slaves/555f5737-a945-4eb0-8d30-afb1fc816afd-S7
Event: 3.285 Thread 0x00007fc05500e000 Exception <a 'java/lang/NoSuchMethodError'{0x00000007475b6008}: java.lang.invoke.DirectMethodHandle$Holder.invokeStatic(Ljava/lang/Object;JJ)V> (0x00000007475b6008) thrown at [/scratch/mesos/slaves/555f5737-a945-4eb0-8d30-afb1fc816afd-S70/frameworks/1735e
Event: 3.285 Thread 0x00007fc05500e000 Exception <a 'java/lang/NoSuchMethodError'{0x00000007475bb2a8}: java.lang.invoke.DirectMethodHandle$Holder.invokeStatic(Ljava/lang/Object;J)Ljava/lang/Object;> (0x00000007475bb2a8) thrown at [/scratch/mesos/slaves/555f5737-a945-4eb0-8d30-afb1fc816afd-S70/
Event: 3.285 Thread 0x00007fc05500e000 Exception <a 'java/lang/NoSuchMethodError'{0x00000007475bea18}: method resolution failed> (0x00000007475bea18) thrown at [/scratch/mesos/slaves/555f5737-a945-4eb0-8d30-afb1fc816afd-S70/frameworks/1735e8a2-a1db-478c-8104-60c8b0af87dd-0196/executors/5e9592f
Event: 3.287 Thread 0x00007fc05500e000 Exception <a 'java/lang/NoSuchMethodError'{0x00000007475c46d0}: method resolution failed> (0x00000007475c46d0) thrown at [/scratch/mesos/slaves/555f5737-a945-4eb0-8d30-afb1fc816afd-S70/frameworks/1735e8a2-a1db-478c-8104-60c8b0af87dd-0196/executors/5e9592f

Events (10 events):
Event: 3.284 Executing VM operation: RevokeBias
Event: 3.284 Executing VM operation: RevokeBias done
Event: 3.285 loading class sun/lwawt/macosx/CInputMethod
Event: 3.285 loading class sun/awt/im/InputMethodAdapter
Event: 3.285 loading class java/awt/im/spi/InputMethod
Event: 3.285 loading class java/awt/im/spi/InputMethod done
Event: 3.285 loading class sun/awt/im/InputMethodAdapter done
Event: 3.285 loading class sun/lwawt/macosx/CInputMethod done
Event: 3.287 Executing VM operation: RevokeBias
Event: 3.287 Executing VM operation: RevokeBias done


Dynamic libraries:
0x00007fff46f47000 	/System/Library/Frameworks/Cocoa.framework/Versions/A/Cocoa
0x00007fff53563000 	/System/Library/Frameworks/Security.framework/Versions/A/Security
0x00007fff45b88000 	/System/Library/Frameworks/ApplicationServices.framework/Versions/A/ApplicationServices
0x00007fff6f498000 	/usr/lib/libz.1.dylib
0x00007fff6d3c9000 	/usr/lib/libSystem.B.dylib
0x00007fff476fa000 	/System/Library/Frameworks/CoreFoundation.framework/Versions/A/CoreFoundation
0x00007fff4985c000 	/System/Library/Frameworks/Foundation.framework/Versions/C/Foundation
0x00007fff6ea82000 	/usr/lib/libobjc.A.dylib
0x00007fff44cd8000 	/System/Library/Frameworks/AppKit.framework/Versions/C/AppKit
0x00007fff472bf000 	/System/Library/Frameworks/CoreData.framework/Versions/A/CoreData
0x00007fff66c82000 	/System/Library/PrivateFrameworks/RemoteViewServices.framework/Versions/A/RemoteViewServices
0x00007fff6b3fb000 	/System/Library/PrivateFrameworks/UIFoundation.framework/Versions/A/UIFoundation
0x00007fff5ba79000 	/System/Library/PrivateFrameworks/DFRFoundation.framework/Versions/A/DFRFoundation
0x00007fff4bec8000 	/System/Library/Frameworks/Metal.framework/Versions/A/Metal
0x00007fff5bc16000 	/System/Library/PrivateFrameworks/DesktopServicesPriv.framework/Versions/A/DesktopServicesPriv
0x00007fff6dfcf000 	/usr/lib/libenergytrace.dylib
0x00007fff69467000 	/System/Library/PrivateFrameworks/SkyLight.framework/Versions/A/SkyLight
0x00007fff47b9d000 	/System/Library/Frameworks/CoreGraphics.framework/Versions/A/CoreGraphics
0x00007fff6d3c4000 	/usr/lib/libScreenReader.dylib
0x00007fff43c72000 	/System/Library/Frameworks/Accelerate.framework/Versions/A/Accelerate
0x00007fff49fd6000 	/System/Library/Frameworks/IOSurface.framework/Versions/A/IOSurface
0x00007fff460d2000 	/System/Library/Frameworks/AudioToolbox.framework/Versions/A/AudioToolbox
0x00007fff46362000 	/System/Library/Frameworks/AudioUnit.framework/Versions/A/AudioUnit
0x00007fff5bb11000 	/System/Library/PrivateFrameworks/DataDetectorsCore.framework/Versions/A/DataDetectorsCore
0x00007fff46a3a000 	/System/Library/Frameworks/Carbon.framework/Versions/A/Frameworks/HIToolbox.framework/Versions/A/HIToolbox
0x00007fff6e129000 	/usr/lib/libicucore.A.dylib
0x00007fff52ae0000 	/System/Library/Frameworks/QuartzCore.framework/Versions/A/QuartzCore
0x00007fff68709000 	/System/Library/PrivateFrameworks/SignpostNotification.framework/Versions/A/SignpostNotification
0x00007fff46e20000 	/System/Library/Frameworks/Carbon.framework/Versions/A/Frameworks/SpeechRecognition.framework/Versions/A/SpeechRecognition
0x00007fff6d525000 	/usr/lib/libauto.dylib
0x00007fff6f387000 	/usr/lib/libxml2.2.dylib
0x00007fff5b6c9000 	/System/Library/PrivateFrameworks/CoreUI.framework/Versions/A/CoreUI
0x00007fff4719b000 	/System/Library/Frameworks/CoreAudio.framework/Versions/A/CoreAudio
0x00007fff49696000 	/System/Library/Frameworks/DiskArbitration.framework/Versions/A/DiskArbitration
0x00007fff6e39d000 	/usr/lib/liblangid.dylib
0x00007fff63185000 	/System/Library/PrivateFrameworks/MultitouchSupport.framework/Versions/A/MultitouchSupport
0x00007fff49f39000 	/System/Library/Frameworks/IOKit.framework/Versions/A/IOKit
0x00007fff6d053000 	/usr/lib/libDiagnosticMessagesClient.dylib
0x00007fff48873000 	/System/Library/Frameworks/CoreServices.framework/Versions/A/CoreServices
0x00007fff64cba000 	/System/Library/PrivateFrameworks/PerformanceAnalysis.framework/Versions/A/PerformanceAnalysis
0x00007fff51c82000 	/System/Library/Frameworks/OpenGL.framework/Versions/A/OpenGL
0x00007fff46f55000 	/System/Library/Frameworks/ColorSync.framework/Versions/A/ColorSync
0x00007fff481af000 	/System/Library/Frameworks/CoreImage.framework/Versions/A/CoreImage
0x00007fff49204000 	/System/Library/Frameworks/CoreText.framework/Versions/A/CoreText
0x00007fff4a034000 	/System/Library/Frameworks/ImageIO.framework/Versions/A/ImageIO
0x00007fff58375000 	/System/Library/PrivateFrameworks/Backup.framework/Versions/A/Backup
0x00007fff6d475000 	/usr/lib/libarchive.2.dylib
0x00007fff46685000 	/System/Library/Frameworks/CFNetwork.framework/Versions/A/CFNetwork
0x00007fff53cf6000 	/System/Library/Frameworks/SystemConfiguration.framework/Versions/A/SystemConfiguration
0x00007fff6cf7c000 	/usr/lib/libCRFSuite.dylib
0x00007fff6d5fe000 	/usr/lib/libc++.1.dylib
0x00007fff6d655000 	/usr/lib/libc++abi.dylib
0x00007fff6f546000 	/usr/lib/system/libcache.dylib
0x00007fff6f54b000 	/usr/lib/system/libcommonCrypto.dylib
0x00007fff6f556000 	/usr/lib/system/libcompiler_rt.dylib
0x00007fff6f55e000 	/usr/lib/system/libcopyfile.dylib
0x00007fff6f568000 	/usr/lib/system/libcorecrypto.dylib
0x00007fff6f675000 	/usr/lib/system/libdispatch.dylib
0x00007fff6f6af000 	/usr/lib/system/libdyld.dylib
0x00007fff6f6cd000 	/usr/lib/system/libkeymgr.dylib
0x00007fff6f6db000 	/usr/lib/system/liblaunch.dylib
0x00007fff6f6dc000 	/usr/lib/system/libmacho.dylib
0x00007fff6f6e1000 	/usr/lib/system/libquarantine.dylib
0x00007fff6f6e4000 	/usr/lib/system/libremovefile.dylib
0x00007fff6f6e6000 	/usr/lib/system/libsystem_asl.dylib
0x00007fff6f6fe000 	/usr/lib/system/libsystem_blocks.dylib
0x00007fff6f6ff000 	/usr/lib/system/libsystem_c.dylib
0x00007fff6f789000 	/usr/lib/system/libsystem_configuration.dylib
0x00007fff6f78d000 	/usr/lib/system/libsystem_coreservices.dylib
0x00007fff6f791000 	/usr/lib/system/libsystem_darwin.dylib
0x00007fff6f793000 	/usr/lib/system/libsystem_dnssd.dylib
0x00007fff6f79a000 	/usr/lib/system/libsystem_info.dylib
0x00007fff6f80b000 	/usr/lib/system/libsystem_m.dylib
0x00007fff6f857000 	/usr/lib/system/libsystem_malloc.dylib
0x00007fff6f877000 	/usr/lib/system/libsystem_network.dylib
0x00007fff6f9a8000 	/usr/lib/system/libsystem_networkextension.dylib
0x00007fff6f9b3000 	/usr/lib/system/libsystem_notify.dylib
0x00007fff6f9d1000 	/usr/lib/system/libsystem_sandbox.dylib
0x00007fff6f9d5000 	/usr/lib/system/libsystem_secinit.dylib
0x00007fff6f7e4000 	/usr/lib/system/libsystem_kernel.dylib
0x00007fff6f9bd000 	/usr/lib/system/libsystem_platform.dylib
0x00007fff6f9c5000 	/usr/lib/system/libsystem_pthread.dylib
0x00007fff6f9d7000 	/usr/lib/system/libsystem_symptoms.dylib
0x00007fff6f9df000 	/usr/lib/system/libsystem_trace.dylib
0x00007fff6f9f4000 	/usr/lib/system/libunwind.dylib
0x00007fff6f9fa000 	/usr/lib/system/libxpc.dylib
0x00007fff6ce8f000 	/usr/lib/closure/libclosured.dylib
0x00007fff6d5df000 	/usr/lib/libbsm.0.dylib
0x00007fff6f6ce000 	/usr/lib/system/libkxld.dylib
0x00007fff6d28d000 	/usr/lib/libOpenScriptingUtil.dylib
0x00007fff6d94e000 	/usr/lib/libcoretls.dylib
0x00007fff6d967000 	/usr/lib/libcoretls_cfhelpers.dylib
0x00007fff6ee83000 	/usr/lib/libpam.2.dylib
0x00007fff6efaa000 	/usr/lib/libsqlite3.dylib
0x00007fff6f376000 	/usr/lib/libxar.1.dylib
0x00007fff6d5f0000 	/usr/lib/libbz2.1.0.dylib
0x00007fff6e39f000 	/usr/lib/liblzma.5.dylib
0x00007fff6e880000 	/usr/lib/libnetwork.dylib
0x00007fff6d45e000 	/usr/lib/libapple_nghttp2.dylib
0x00007fff6ee8a000 	/usr/lib/libpcap.A.dylib
0x00007fff6d526000 	/usr/lib/libboringssl.dylib
0x00007fff6f311000 	/usr/lib/libusrtcp.dylib
0x00007fff6d45d000 	/usr/lib/libapple_crypto.dylib
0x00007fff48bf6000 	/System/Library/Frameworks/CoreServices.framework/Versions/A/Frameworks/FSEvents.framework/Versions/A/FSEvents
0x00007fff488e9000 	/System/Library/Frameworks/CoreServices.framework/Versions/A/Frameworks/CarbonCore.framework/Versions/A/CarbonCore
0x00007fff48dbe000 	/System/Library/Frameworks/CoreServices.framework/Versions/A/Frameworks/Metadata.framework/Versions/A/Metadata
0x00007fff48e6f000 	/System/Library/Frameworks/CoreServices.framework/Versions/A/Frameworks/OSServices.framework/Versions/A/OSServices
0x00007fff48ed0000 	/System/Library/Frameworks/CoreServices.framework/Versions/A/Frameworks/SearchKit.framework/Versions/A/SearchKit
0x00007fff48874000 	/System/Library/Frameworks/CoreServices.framework/Versions/A/Frameworks/AE.framework/Versions/A/AE
0x00007fff48bff000 	/System/Library/Frameworks/CoreServices.framework/Versions/A/Frameworks/LaunchServices.framework/Versions/A/LaunchServices
0x00007fff48bc1000 	/System/Library/Frameworks/CoreServices.framework/Versions/A/Frameworks/DictionaryServices.framework/Versions/A/DictionaryServices
0x00007fff48f3f000 	/System/Library/Frameworks/CoreServices.framework/Versions/A/Frameworks/SharedFileList.framework/Versions/A/SharedFileList
0x00007fff4d0fe000 	/System/Library/Frameworks/NetFS.framework/Versions/A/NetFS
0x00007fff63416000 	/System/Library/PrivateFrameworks/NetAuth.framework/Versions/A/NetAuth
0x00007fff6cd26000 	/System/Library/PrivateFrameworks/login.framework/Versions/A/Frameworks/loginsupport.framework/Versions/A/loginsupport
0x00007fff6b078000 	/System/Library/PrivateFrameworks/TCC.framework/Versions/A/TCC
0x00007fff6e480000 	/usr/lib/libmecabra.dylib
0x00007fff45b89000 	/System/Library/Frameworks/ApplicationServices.framework/Versions/A/Frameworks/ATS.framework/Versions/A/ATS
0x00007fff45f37000 	/System/Library/Frameworks/ApplicationServices.framework/Versions/A/Frameworks/ColorSyncLegacy.framework/Versions/A/ColorSyncLegacy
0x00007fff45fdb000 	/System/Library/Frameworks/ApplicationServices.framework/Versions/A/Frameworks/HIServices.framework/Versions/A/HIServices
0x00007fff4602e000 	/System/Library/Frameworks/ApplicationServices.framework/Versions/A/Frameworks/LangAnalysis.framework/Versions/A/LangAnalysis
0x00007fff4603d000 	/System/Library/Frameworks/ApplicationServices.framework/Versions/A/Frameworks/PrintCore.framework/Versions/A/PrintCore
0x00007fff4608a000 	/System/Library/Frameworks/ApplicationServices.framework/Versions/A/Frameworks/QD.framework/Versions/A/QD
0x00007fff460c5000 	/System/Library/Frameworks/ApplicationServices.framework/Versions/A/Frameworks/SpeechSynthesis.framework/Versions/A/SpeechSynthesis
0x00007fff47616000 	/System/Library/Frameworks/CoreDisplay.framework/Versions/A/CoreDisplay
0x00007fff43c8a000 	/System/Library/Frameworks/Accelerate.framework/Versions/A/Frameworks/vImage.framework/Versions/A/vImage
0x00007fff449e4000 	/System/Library/Frameworks/Accelerate.framework/Versions/A/Frameworks/vecLib.framework/Versions/A/vecLib
0x00007fff44784000 	/System/Library/Frameworks/Accelerate.framework/Versions/A/Frameworks/vecLib.framework/Versions/A/libvDSP.dylib
0x00007fff442e4000 	/System/Library/Frameworks/Accelerate.framework/Versions/A/Frameworks/vecLib.framework/Versions/A/libBNNS.dylib
0x00007fff446e9000 	/System/Library/Frameworks/Accelerate.framework/Versions/A/Frameworks/vecLib.framework/Versions/A/libQuadrature.dylib
0x00007fff44932000 	/System/Library/Frameworks/Accelerate.framework/Versions/A/Frameworks/vecLib.framework/Versions/A/libvMisc.dylib
0x00007fff44313000 	/System/Library/Frameworks/Accelerate.framework/Versions/A/Frameworks/vecLib.framework/Versions/A/libLAPACK.dylib
0x00007fff44189000 	/System/Library/Frameworks/Accelerate.framework/Versions/A/Frameworks/vecLib.framework/Versions/A/libBLAS.dylib
0x00007fff446d3000 	/System/Library/Frameworks/Accelerate.framework/Versions/A/Frameworks/vecLib.framework/Versions/A/libLinearAlgebra.dylib
0x00007fff446ef000 	/System/Library/Frameworks/Accelerate.framework/Versions/A/Frameworks/vecLib.framework/Versions/A/libSparse.dylib
0x00007fff44770000 	/System/Library/Frameworks/Accelerate.framework/Versions/A/Frameworks/vecLib.framework/Versions/A/libSparseBLAS.dylib
0x00007fff60256000 	/System/Library/PrivateFrameworks/GPUWrangler.framework/Versions/A/GPUWrangler
0x00007fff619e7000 	/System/Library/PrivateFrameworks/IOAccelerator.framework/Versions/A/IOAccelerator
0x00007fff619f2000 	/System/Library/PrivateFrameworks/IOPresentment.framework/Versions/A/IOPresentment
0x00007fff5ba8b000 	/System/Library/PrivateFrameworks/DSExternalDisplay.framework/Versions/A/DSExternalDisplay
0x00007fff51101000 	/System/Library/Frameworks/OpenGL.framework/Versions/A/Libraries/libCoreFSCache.dylib
0x00007fff49355000 	/System/Library/Frameworks/CoreVideo.framework/Versions/A/CoreVideo
0x00007fff60fd1000 	/System/Library/PrivateFrameworks/GraphVisualizer.framework/Versions/A/GraphVisualizer
0x00007fff4c0ff000 	/System/Library/Frameworks/MetalPerformanceShaders.framework/Versions/A/MetalPerformanceShaders
0x00007fff6d08b000 	/usr/lib/libFosl_dynamic.dylib
0x00007fff5cb60000 	/System/Library/PrivateFrameworks/FaceCore.framework/Versions/A/FaceCore
0x00007fff4fefc000 	/System/Library/Frameworks/OpenCL.framework/Versions/A/OpenCL
0x00007fff6d68c000 	/usr/lib/libcompression.dylib
0x00007fff45c88000 	/System/Library/Frameworks/ApplicationServices.framework/Versions/A/Frameworks/ATS.framework/Versions/A/Resources/libFontParser.dylib
0x00007fff45dab000 	/System/Library/Frameworks/ApplicationServices.framework/Versions/A/Frameworks/ATS.framework/Versions/A/Resources/libFontRegistry.dylib
0x00007fff4a29c000 	/System/Library/Frameworks/ImageIO.framework/Versions/A/Resources/libJPEG.dylib
0x00007fff4a5c5000 	/System/Library/Frameworks/ImageIO.framework/Versions/A/Resources/libTIFF.dylib
0x00007fff4a59b000 	/System/Library/Frameworks/ImageIO.framework/Versions/A/Resources/libPng.dylib
0x00007fff4a1af000 	/System/Library/Frameworks/ImageIO.framework/Versions/A/Resources/libGIF.dylib
0x00007fff4a1b4000 	/System/Library/Frameworks/ImageIO.framework/Versions/A/Resources/libJP2.dylib
0x00007fff4a5c2000 	/System/Library/Frameworks/ImageIO.framework/Versions/A/Resources/libRadiance.dylib
0x00007fff57a9f000 	/System/Library/PrivateFrameworks/AppleJPEG.framework/Versions/A/AppleJPEG
0x00007fff4bf66000 	/System/Library/Frameworks/MetalPerformanceShaders.framework/Frameworks/MPSCore.framework/Versions/A/MPSCore
0x00007fff4bf82000 	/System/Library/Frameworks/MetalPerformanceShaders.framework/Frameworks/MPSImage.framework/Versions/A/MPSImage
0x00007fff4c017000 	/System/Library/Frameworks/MetalPerformanceShaders.framework/Frameworks/MPSNeuralNetwork.framework/Versions/A/MPSNeuralNetwork
0x00007fff4bff2000 	/System/Library/Frameworks/MetalPerformanceShaders.framework/Frameworks/MPSMatrix.framework/Versions/A/MPSMatrix
0x00007fff62ee8000 	/System/Library/PrivateFrameworks/MetalTools.framework/Versions/A/MetalTools
0x00007fff512cc000 	/System/Library/Frameworks/OpenGL.framework/Versions/A/Libraries/libGLU.dylib
0x00007fff5110c000 	/System/Library/Frameworks/OpenGL.framework/Versions/A/Libraries/libGFXShared.dylib
0x00007fff51116000 	/System/Library/Frameworks/OpenGL.framework/Versions/A/Libraries/libGL.dylib
0x00007fff51122000 	/System/Library/Frameworks/OpenGL.framework/Versions/A/Libraries/libGLImage.dylib
0x00007fff510fe000 	/System/Library/Frameworks/OpenGL.framework/Versions/A/Libraries/libCVMSPluginSupport.dylib
0x00007fff51107000 	/System/Library/Frameworks/OpenGL.framework/Versions/A/Libraries/libCoreVMClient.dylib
0x00007fff6de39000 	/usr/lib/libcups.2.dylib
0x00007fff4b4cd000 	/System/Library/Frameworks/Kerberos.framework/Versions/A/Kerberos
0x00007fff49c93000 	/System/Library/Frameworks/GSS.framework/Versions/A/GSS
0x00007fff6ef3d000 	/usr/lib/libresolv.9.dylib
0x00007fff6e037000 	/usr/lib/libiconv.2.dylib
0x00007fff61063000 	/System/Library/PrivateFrameworks/Heimdal.framework/Versions/A/Heimdal
0x00007fff6e006000 	/usr/lib/libheimdal-asn1.dylib
0x00007fff4ff74000 	/System/Library/Frameworks/OpenDirectory.framework/Versions/A/OpenDirectory
0x00007fff59db6000 	/System/Library/PrivateFrameworks/CommonAuth.framework/Versions/A/CommonAuth
0x00007fff4ff57000 	/System/Library/Frameworks/OpenDirectory.framework/Versions/A/Frameworks/CFOpenDirectory.framework/Versions/A/CFOpenDirectory
0x00007fff5388f000 	/System/Library/Frameworks/SecurityFoundation.framework/Versions/A/SecurityFoundation
0x00007fff56c63000 	/System/Library/PrivateFrameworks/APFS.framework/Versions/A/APFS
0x00007fff6f372000 	/usr/lib/libutil.dylib
0x00007fff57b22000 	/System/Library/PrivateFrameworks/AppleSauce.framework/Versions/A/AppleSauce
0x00007fff621cf000 	/System/Library/PrivateFrameworks/LinguisticData.framework/Versions/A/LinguisticData
0x00007fff6e3b9000 	/usr/lib/libmarisa.dylib
0x00007fff62189000 	/System/Library/PrivateFrameworks/Lexicon.framework/Versions/A/Lexicon
0x00007fff6cfb6000 	/usr/lib/libChineseTokenizer.dylib
0x00007fff6d67b000 	/usr/lib/libcmph.dylib
0x00007fff62093000 	/System/Library/PrivateFrameworks/LanguageModeling.framework/Versions/A/LanguageModeling
0x00007fff5a8d3000 	/System/Library/PrivateFrameworks/CoreEmoji.framework/Versions/A/CoreEmoji
0x00007fff5394d000 	/System/Library/Frameworks/ServiceManagement.framework/Versions/A/ServiceManagement
0x00007fff5836d000 	/System/Library/PrivateFrameworks/BackgroundTaskManagement.framework/Versions/A/BackgroundTaskManagement
0x00007fff6f46f000 	/usr/lib/libxslt.1.dylib
0x00007fff46d4a000 	/System/Library/Frameworks/Carbon.framework/Versions/A/Frameworks/Ink.framework/Versions/A/Ink
0x00007fff6b28d000 	/System/Library/PrivateFrameworks/TextureIO.framework/Versions/A/TextureIO
0x00007fff6d4a0000 	/usr/lib/libate.dylib
0x00007fff5b9ea000 	/System/Library/PrivateFrameworks/CrashReporterSupport.framework/Versions/A/CrashReporterSupport
0x00007fff685c9000 	/System/Library/PrivateFrameworks/Sharing.framework/Versions/A/Sharing
0x00007fff61dd4000 	/System/Library/PrivateFrameworks/IconServices.framework/Versions/A/IconServices
0x00007fff57f9d000 	/System/Library/PrivateFrameworks/AuthKit.framework/Versions/A/AuthKit
0x00007fff57922000 	/System/Library/PrivateFrameworks/Apple80211.framework/Versions/A/Apple80211
0x00007fff5b7ff000 	/System/Library/PrivateFrameworks/CoreUtils.framework/Versions/A/CoreUtils
0x00007fff49390000 	/System/Library/Frameworks/CoreWLAN.framework/Versions/A/CoreWLAN
0x00007fff49dd5000 	/System/Library/Frameworks/IOBluetooth.framework/Versions/A/IOBluetooth
0x00007fff66a89000 	/System/Library/PrivateFrameworks/ProtocolBuffer.framework/Versions/A/ProtocolBuffer
0x00007fff630e0000 	/System/Library/PrivateFrameworks/MobileKeyBag.framework/Versions/A/MobileKeyBag
0x00007fff5b077000 	/System/Library/PrivateFrameworks/CorePhoneNumbers.framework/Versions/A/CorePhoneNumbers
0x00007fff57a5a000 	/System/Library/PrivateFrameworks/AppleIDAuthSupport.framework/Versions/A/AppleIDAuthSupport
0x00007fff6207f000 	/System/Library/PrivateFrameworks/KeychainCircle.framework/Versions/A/KeychainCircle
0x00007fff5b985000 	/System/Library/PrivateFrameworks/CoreWiFi.framework/Versions/A/CoreWiFi
0x00007fff47295000 	/System/Library/Frameworks/CoreBluetooth.framework/Versions/A/CoreBluetooth
0x00007fff5bbd5000 	/System/Library/PrivateFrameworks/DebugSymbols.framework/Versions/A/DebugSymbols
0x00007fff5b5b5000 	/System/Library/PrivateFrameworks/CoreSymbolication.framework/Versions/A/CoreSymbolication
0x00007fff6aa7f000 	/System/Library/PrivateFrameworks/Symbolication.framework/Versions/A/Symbolication
0x00007fff5794c000 	/System/Library/PrivateFrameworks/AppleFSCompression.framework/Versions/A/AppleFSCompression
0x00007fff69ecc000 	/System/Library/PrivateFrameworks/SpeechRecognitionCore.framework/Versions/A/SpeechRecognitionCore
0x000000010e000000 	/Library/Java/JavaVirtualMachines/jdk-10.0.1.jdk/Contents/Home/lib/server/libjvm.dylib
0x00007fff6f23f000 	/usr/lib/libstdc++.6.0.9.dylib
0x000000010d7d0000 	/Library/Java/JavaVirtualMachines/jdk-10.0.1.jdk/Contents/Home/lib/libverify.dylib
0x000000010eda0000 	/Library/Java/JavaVirtualMachines/jdk-10.0.1.jdk/Contents/Home/lib/libjava.dylib
0x000000010d7e8000 	/Library/Java/JavaVirtualMachines/jdk-10.0.1.jdk/Contents/Home/lib/libzip.dylib
0x000000010d7f0000 	/Library/Java/JavaVirtualMachines/jdk-10.0.1.jdk/Contents/Home/lib/libjimage.dylib
0x000000010ff42000 	/Library/Java/JavaVirtualMachines/jdk-10.0.1.jdk/Contents/Home/lib/libnio.dylib
0x000000010ff52000 	/Library/Java/JavaVirtualMachines/jdk-10.0.1.jdk/Contents/Home/lib/./libnet.dylib
0x000000013122e000 	/Library/Java/JavaVirtualMachines/jdk-10.0.1.jdk/Contents/Home/lib/libawt.dylib
0x00000001312d3000 	/Library/Java/JavaVirtualMachines/jdk-10.0.1.jdk/Contents/Home/lib/./libmlib_image.dylib
0x00007fff4b4b6000 	/System/Library/Frameworks/JavaVM.framework/Versions/A/Frameworks/JavaNativeFoundation.framework/Versions/A/JavaNativeFoundation
0x00007fff4b4bf000 	/System/Library/Frameworks/JavaVM.framework/Versions/A/Frameworks/JavaRuntimeSupport.framework/Versions/A/JavaRuntimeSupport
0x00007fff4b4c8000 	/System/Library/Frameworks/JavaVM.framework/Versions/A/JavaVM
0x00007fff61f95000 	/System/Library/PrivateFrameworks/JavaLaunching.framework/Versions/A/JavaLaunching
0x00007fff46a35000 	/System/Library/Frameworks/Carbon.framework/Versions/A/Carbon
0x00007fff46a36000 	/System/Library/Frameworks/Carbon.framework/Versions/A/Frameworks/CommonPanels.framework/Versions/A/CommonPanels
0x00007fff46d40000 	/System/Library/Frameworks/Carbon.framework/Versions/A/Frameworks/Help.framework/Versions/A/Help
0x00007fff46d44000 	/System/Library/Frameworks/Carbon.framework/Versions/A/Frameworks/ImageCapture.framework/Versions/A/ImageCapture
0x00007fff46de0000 	/System/Library/Frameworks/Carbon.framework/Versions/A/Frameworks/OpenScripting.framework/Versions/A/OpenScripting
0x00007fff46e1b000 	/System/Library/Frameworks/Carbon.framework/Versions/A/Frameworks/Print.framework/Versions/A/Print
0x00007fff46e1d000 	/System/Library/Frameworks/Carbon.framework/Versions/A/Frameworks/SecurityHI.framework/Versions/A/SecurityHI
0x0000000131341000 	/Library/Java/JavaVirtualMachines/jdk-10.0.1.jdk/Contents/Home/lib/libawt_lwawt.dylib
0x000000010ff69000 	/Library/Java/JavaVirtualMachines/jdk-10.0.1.jdk/Contents/Home/lib/./libosxapp.dylib
0x00007fff49835000 	/System/Library/Frameworks/ExceptionHandling.framework/Versions/A/ExceptionHandling
0x0000000131637000 	/Library/Java/JavaVirtualMachines/jdk-10.0.1.jdk/Contents/Home/lib/libfontmanager.dylib
0x00007fff5b20a000 	/System/Library/PrivateFrameworks/CoreServicesInternal.framework/Versions/A/CoreServicesInternal
0x00007fff3fcb0000 	/System/Library/CoreServices/RawCamera.bundle/Contents/MacOS/RawCamera
0x00007fff62f5a000 	/System/Library/PrivateFrameworks/MobileAsset.framework/Versions/A/MobileAsset
0x00007fff6a386000 	/System/Library/PrivateFrameworks/StreamingZip.framework/Versions/A/StreamingZip
0x00007fff4b85c000 	/System/Library/Frameworks/MediaToolbox.framework/Versions/A/MediaToolbox
0x00007fff5a504000 	/System/Library/PrivateFrameworks/CoreAVCHD.framework/Versions/A/CoreAVCHD
0x00007fff4b7a5000 	/System/Library/Frameworks/MediaAccessibility.framework/Versions/A/MediaAccessibility
0x00007fff629d5000 	/System/Library/PrivateFrameworks/Mangrove.framework/Versions/A/Mangrove
0x00007fff4872d000 	/System/Library/Frameworks/CoreMedia.framework/Versions/A/CoreMedia
0x00007fff53f1b000 	/System/Library/Frameworks/VideoToolbox.framework/Versions/A/VideoToolbox
0x00007fff5a0fb000 	/System/Library/PrivateFrameworks/CoreAUC.framework/Versions/A/CoreAUC
0x00007fff6efa8000 	/usr/lib/libspindump.dylib
0x00007fff57c17000 	/System/Library/PrivateFrameworks/AppleVA.framework/Versions/A/AppleVA
0x00007fff43c73000 	/System/Library/Frameworks/Accelerate.framework/Versions/A/Frameworks/vImage.framework/Versions/A/Libraries/libCGInterfaces.dylib
0x00007fff45e9a000 	/System/Library/Frameworks/ApplicationServices.framework/Versions/A/Frameworks/ATS.framework/Versions/A/Resources/libTrueTypeScaler.dylib
0x00007fff42f3d000 	/System/Library/Extensions/GeForceMTLDriver.bundle/Contents/MacOS/GeForceMTLDriver
0x00007fff5ebea000 	/System/Library/PrivateFrameworks/GPUCompiler.framework/Versions/3802/Libraries/libmetal_timestamp.dylib
0x00007fff51c92000 	/System/Library/Frameworks/OpenGL.framework/Versions/A/Resources/GLEngine.bundle/GLEngine
0x00007fff5115e000 	/System/Library/Frameworks/OpenGL.framework/Versions/A/Libraries/libGLProgrammability.dylib
0x00007fff41f43000 	/System/Library/Extensions/GeForceGLDriver.bundle/Contents/MacOS/GeForceGLDriver
0x00007fff6024a000 	/System/Library/PrivateFrameworks/GPUSupport.framework/Versions/A/Libraries/libGPUSupportMercury.dylib
0x00007fff42882000 	/System/Library/Extensions/GeForceGLDriver.bundle/Contents/MacOS/libclh.dylib
0x00007fff51e2a000 	/System/Library/Frameworks/OpenGL.framework/Versions/A/Resources/GLRendererFloat.bundle/GLRendererFloat
0x00007fff4fef3000 	/System/Library/Frameworks/OpenCL.framework/Versions/A/Libraries/libcldcpuengine.dylib
0x00007fff6db01000 	/usr/lib/libcrypto.35.dylib
0x00007fff6b3f4000 	/System/Library/PrivateFrameworks/TrustEvaluationAgent.framework/Versions/A/TrustEvaluationAgent
0x000000013e5c7000 	/Library/Java/JavaVirtualMachines/jdk-10.0.1.jdk/Contents/Home/lib/libosxui.dylib
0x00007fff6c27f000 	/System/Library/PrivateFrameworks/ViewBridge.framework/Versions/A/ViewBridge


VM Arguments:
jvm_args: -Dfile.encoding=UTF-8 
java_command: pix.controller.PixRunner
java_class_path (initial): /Users/sfit1864/eclipse-workspace/PictureProject/bin
Launcher Type: SUN_STANDARD

Logging:
Log output configuration:
#0: stdout all=warning uptime,level,tags
#1: stderr all=off uptime,level,tags

Environment Variables:
PATH=/usr/bin:/bin:/usr/sbin:/sbin
SHELL=/bin/bash

Signal Handlers:
SIGSEGV: [libjvm.dylib+0x79ac14], sa_mask[0]=11111111011111110111111111111111, sa_flags=SA_ONSTACK|SA_RESTART|SA_SIGINFO
SIGBUS: [libjvm.dylib+0x79ac14], sa_mask[0]=11111111011111110111111111111111, sa_flags=SA_RESTART|SA_SIGINFO
SIGFPE: [libjvm.dylib+0x79ac14], sa_mask[0]=11111111011111110111111111111111, sa_flags=SA_RESTART|SA_SIGINFO
SIGPIPE: [libjvm.dylib+0x635960], sa_mask[0]=11111111011111110111111111111111, sa_flags=SA_RESTART|SA_SIGINFO
SIGXFSZ: [libjvm.dylib+0x635960], sa_mask[0]=11111111011111110111111111111111, sa_flags=SA_RESTART|SA_SIGINFO
SIGILL: [libjvm.dylib+0x79ac14], sa_mask[0]=11111111011111110111111111111111, sa_flags=SA_RESTART|SA_SIGINFO
SIGUSR2: [libjvm.dylib+0x6361f0], sa_mask[0]=00100000000000000000000000000000, sa_flags=SA_RESTART|SA_SIGINFO
SIGHUP: [libjvm.dylib+0x6349db], sa_mask[0]=11111111011111110111111111111111, sa_flags=SA_RESTART|SA_SIGINFO
SIGINT: [libjvm.dylib+0x6349db], sa_mask[0]=11111111011111110111111111111111, sa_flags=SA_RESTART|SA_SIGINFO
SIGTERM: [libjvm.dylib+0x6349db], sa_mask[0]=11111111011111110111111111111111, sa_flags=SA_RESTART|SA_SIGINFO
SIGQUIT: [libjvm.dylib+0x6349db], sa_mask[0]=11111111011111110111111111111111, sa_flags=SA_RESTART|SA_SIGINFO


---------------  S Y S T E M  ---------------

OS:uname:Darwin 17.7.0 Darwin Kernel Version 17.7.0: Wed Feb 27 00:43:23 PST 2019; root:xnu-4570.71.35~1/RELEASE_X86_64 x86_64
rlimit: STACK 8192k, CORE 0k, NPROC 709, NOFILE 10240, AS infinity, DATA infinity, FSIZE infinity
load average:2.55 2.17 2.14

CPU:total 4 (initial active 4) (4 cores per cpu, 1 threads per core) family 6 model 60 stepping 3, cmov, cx8, fxsr, mmx, sse, sse2, sse3, ssse3, sse4.1, sse4.2, popcnt, avx, avx2, aes, clmul, erms, lzcnt, tsc, tscinvbit, bmi1, bmi2, fma

Memory: 4k page, physical 8388608k(1680452k free)

vm_info: Java HotSpot(TM) 64-Bit Server VM (10.0.1+10) for bsd-amd64 JRE (10.0.1+10), built on Mar 27 2018 01:13:17 by "mach5one" with gcc 4.2.1 Compatible Apple LLVM 6.1.0 (clang-602.0.49)

END.
